-------------------------------------------------------------------------------
Test set: com.task.poll.web.RestaurantRestControllerTest
-------------------------------------------------------------------------------
Tests run: 10, Failures: 0, Errors: 10, Skipped: 0, Time elapsed: 20.271 s <<< FAILURE! - in com.task.poll.web.RestaurantRestControllerTest
updateNotFound  Time elapsed: 0.002 s  <<< ERROR!
java.lang.IllegalStateException: Failed to load ApplicationContext
Caused by: org.springframework.beans.factory.BeanCreationException: 
Error creating bean with name 'requestMappingHandlerMapping' defined in class path resource [org/springframework/boot/autoconfigure/web/servlet/WebMvcAutoConfiguration$EnableWebMvcConfiguration.class]: Invocation of init method failed; nested exception is java.lang.IllegalStateException: Ambiguous mapping. Cannot map 'restaurantRestController' method 
com.task.poll.web.RestaurantRestController#get(int)
to {GET /rest/restaurants/{id}}: There is already 'dishRestController' bean method
com.task.poll.web.DishRestController#get(int) mapped.
Caused by: java.lang.IllegalStateException: 
Ambiguous mapping. Cannot map 'restaurantRestController' method 
com.task.poll.web.RestaurantRestController#get(int)
to {GET /rest/restaurants/{id}}: There is already 'dishRestController' bean method
com.task.poll.web.DishRestController#get(int) mapped.

getAllWithMenu  Time elapsed: 0 s  <<< ERROR!
java.lang.IllegalStateException: Failed to load ApplicationContext
Caused by: org.springframework.beans.factory.BeanCreationException: 
Error creating bean with name 'requestMappingHandlerMapping' defined in class path resource [org/springframework/boot/autoconfigure/web/servlet/WebMvcAutoConfiguration$EnableWebMvcConfiguration.class]: Invocation of init method failed; nested exception is java.lang.IllegalStateException: Ambiguous mapping. Cannot map 'restaurantRestController' method 
com.task.poll.web.RestaurantRestController#get(int)
to {GET /rest/restaurants/{id}}: There is already 'dishRestController' bean method
com.task.poll.web.DishRestController#get(int) mapped.
Caused by: java.lang.IllegalStateException: 
Ambiguous mapping. Cannot map 'restaurantRestController' method 
com.task.poll.web.RestaurantRestController#get(int)
to {GET /rest/restaurants/{id}}: There is already 'dishRestController' bean method
com.task.poll.web.DishRestController#get(int) mapped.

delete  Time elapsed: 0 s  <<< ERROR!
java.lang.IllegalStateException: Failed to load ApplicationContext
Caused by: org.springframework.beans.factory.BeanCreationException: 
Error creating bean with name 'requestMappingHandlerMapping' defined in class path resource [org/springframework/boot/autoconfigure/web/servlet/WebMvcAutoConfiguration$EnableWebMvcConfiguration.class]: Invocation of init method failed; nested exception is java.lang.IllegalStateException: Ambiguous mapping. Cannot map 'restaurantRestController' method 
com.task.poll.web.RestaurantRestController#get(int)
to {GET /rest/restaurants/{id}}: There is already 'dishRestController' bean method
com.task.poll.web.DishRestController#get(int) mapped.
Caused by: java.lang.IllegalStateException: 
Ambiguous mapping. Cannot map 'restaurantRestController' method 
com.task.poll.web.RestaurantRestController#get(int)
to {GET /rest/restaurants/{id}}: There is already 'dishRestController' bean method
com.task.poll.web.DishRestController#get(int) mapped.

getOne  Time elapsed: 0 s  <<< ERROR!
java.lang.IllegalStateException: Failed to load ApplicationContext
Caused by: org.springframework.beans.factory.BeanCreationException: 
Error creating bean with name 'requestMappingHandlerMapping' defined in class path resource [org/springframework/boot/autoconfigure/web/servlet/WebMvcAutoConfiguration$EnableWebMvcConfiguration.class]: Invocation of init method failed; nested exception is java.lang.IllegalStateException: Ambiguous mapping. Cannot map 'restaurantRestController' method 
com.task.poll.web.RestaurantRestController#get(int)
to {GET /rest/restaurants/{id}}: There is already 'dishRestController' bean method
com.task.poll.web.DishRestController#get(int) mapped.
Caused by: java.lang.IllegalStateException: 
Ambiguous mapping. Cannot map 'restaurantRestController' method 
com.task.poll.web.RestaurantRestController#get(int)
to {GET /rest/restaurants/{id}}: There is already 'dishRestController' bean method
com.task.poll.web.DishRestController#get(int) mapped.

update  Time elapsed: 0 s  <<< ERROR!
java.lang.IllegalStateException: Failed to load ApplicationContext
Caused by: org.springframework.beans.factory.BeanCreationException: 
Error creating bean with name 'requestMappingHandlerMapping' defined in class path resource [org/springframework/boot/autoconfigure/web/servlet/WebMvcAutoConfiguration$EnableWebMvcConfiguration.class]: Invocation of init method failed; nested exception is java.lang.IllegalStateException: Ambiguous mapping. Cannot map 'restaurantRestController' method 
com.task.poll.web.RestaurantRestController#get(int)
to {GET /rest/restaurants/{id}}: There is already 'dishRestController' bean method
com.task.poll.web.DishRestController#get(int) mapped.
Caused by: java.lang.IllegalStateException: 
Ambiguous mapping. Cannot map 'restaurantRestController' method 
com.task.poll.web.RestaurantRestController#get(int)
to {GET /rest/restaurants/{id}}: There is already 'dishRestController' bean method
com.task.poll.web.DishRestController#get(int) mapped.

deleteNotFound  Time elapsed: 0 s  <<< ERROR!
java.lang.IllegalStateException: Failed to load ApplicationContext
Caused by: org.springframework.beans.factory.BeanCreationException: 
Error creating bean with name 'requestMappingHandlerMapping' defined in class path resource [org/springframework/boot/autoconfigure/web/servlet/WebMvcAutoConfiguration$EnableWebMvcConfiguration.class]: Invocation of init method failed; nested exception is java.lang.IllegalStateException: Ambiguous mapping. Cannot map 'restaurantRestController' method 
com.task.poll.web.RestaurantRestController#get(int)
to {GET /rest/restaurants/{id}}: There is already 'dishRestController' bean method
com.task.poll.web.DishRestController#get(int) mapped.
Caused by: java.lang.IllegalStateException: 
Ambiguous mapping. Cannot map 'restaurantRestController' method 
com.task.poll.web.RestaurantRestController#get(int)
to {GET /rest/restaurants/{id}}: There is already 'dishRestController' bean method
com.task.poll.web.DishRestController#get(int) mapped.

updateWithoutAuthority  Time elapsed: 0 s  <<< ERROR!
java.lang.IllegalStateException: Failed to load ApplicationContext
Caused by: org.springframework.beans.factory.BeanCreationException: 
Error creating bean with name 'requestMappingHandlerMapping' defined in class path resource [org/springframework/boot/autoconfigure/web/servlet/WebMvcAutoConfiguration$EnableWebMvcConfiguration.class]: Invocation of init method failed; nested exception is java.lang.IllegalStateException: Ambiguous mapping. Cannot map 'restaurantRestController' method 
com.task.poll.web.RestaurantRestController#get(int)
to {GET /rest/restaurants/{id}}: There is already 'dishRestController' bean method
com.task.poll.web.DishRestController#get(int) mapped.
Caused by: java.lang.IllegalStateException: 
Ambiguous mapping. Cannot map 'restaurantRestController' method 
com.task.poll.web.RestaurantRestController#get(int)
to {GET /rest/restaurants/{id}}: There is already 'dishRestController' bean method
com.task.poll.web.DishRestController#get(int) mapped.

getUnAuth  Time elapsed: 0 s  <<< ERROR!
java.lang.IllegalStateException: Failed to load ApplicationContext
Caused by: org.springframework.beans.factory.BeanCreationException: 
Error creating bean with name 'requestMappingHandlerMapping' defined in class path resource [org/springframework/boot/autoconfigure/web/servlet/WebMvcAutoConfiguration$EnableWebMvcConfiguration.class]: Invocation of init method failed; nested exception is java.lang.IllegalStateException: Ambiguous mapping. Cannot map 'restaurantRestController' method 
com.task.poll.web.RestaurantRestController#get(int)
to {GET /rest/restaurants/{id}}: There is already 'dishRestController' bean method
com.task.poll.web.DishRestController#get(int) mapped.
Caused by: java.lang.IllegalStateException: 
Ambiguous mapping. Cannot map 'restaurantRestController' method 
com.task.poll.web.RestaurantRestController#get(int)
to {GET /rest/restaurants/{id}}: There is already 'dishRestController' bean method
com.task.poll.web.DishRestController#get(int) mapped.

getOneNotFound  Time elapsed: 0 s  <<< ERROR!
java.lang.IllegalStateException: Failed to load ApplicationContext
Caused by: org.springframework.beans.factory.BeanCreationException: 
Error creating bean with name 'requestMappingHandlerMapping' defined in class path resource [org/springframework/boot/autoconfigure/web/servlet/WebMvcAutoConfiguration$EnableWebMvcConfiguration.class]: Invocation of init method failed; nested exception is java.lang.IllegalStateException: Ambiguous mapping. Cannot map 'restaurantRestController' method 
com.task.poll.web.RestaurantRestController#get(int)
to {GET /rest/restaurants/{id}}: There is already 'dishRestController' bean method
com.task.poll.web.DishRestController#get(int) mapped.
Caused by: java.lang.IllegalStateException: 
Ambiguous mapping. Cannot map 'restaurantRestController' method 
com.task.poll.web.RestaurantRestController#get(int)
to {GET /rest/restaurants/{id}}: There is already 'dishRestController' bean method
com.task.poll.web.DishRestController#get(int) mapped.

createWithLocation  Time elapsed: 0 s  <<< ERROR!
java.lang.IllegalStateException: Failed to load ApplicationContext
Caused by: org.springframework.beans.factory.BeanCreationException: 
Error creating bean with name 'requestMappingHandlerMapping' defined in class path resource [org/springframework/boot/autoconfigure/web/servlet/WebMvcAutoConfiguration$EnableWebMvcConfiguration.class]: Invocation of init method failed; nested exception is java.lang.IllegalStateException: Ambiguous mapping. Cannot map 'restaurantRestController' method 
com.task.poll.web.RestaurantRestController#get(int)
to {GET /rest/restaurants/{id}}: There is already 'dishRestController' bean method
com.task.poll.web.DishRestController#get(int) mapped.
Caused by: java.lang.IllegalStateException: 
Ambiguous mapping. Cannot map 'restaurantRestController' method 
com.task.poll.web.RestaurantRestController#get(int)
to {GET /rest/restaurants/{id}}: There is already 'dishRestController' bean method
com.task.poll.web.DishRestController#get(int) mapped.

